f:\code\gis\practice\p1\qdataviewer\qdataviewer\x64\release\vc143.pdb
f:\code\gis\practice\p1\qdataviewer\qdataviewer\x64\release\qrc_qdataviewer.obj
f:\code\gis\practice\p1\qdataviewer\qdataviewer\x64\release\qdataviewer.obj
f:\code\gis\practice\p1\qdataviewer\qdataviewer\x64\release\main.obj
f:\code\gis\practice\p1\qdataviewer\qdataviewer\x64\release\moc_qdataviewer.obj
f:\code\gis\practice\p1\qdataviewer\x64\release\qdataviewer.exe
f:\code\gis\practice\p1\qdataviewer\qdataviewer\x64\release\moc\moc_qdataviewer.cpp
f:\code\gis\practice\p1\qdataviewer\qdataviewer\x64\release\uic\ui_qdataviewer.h
f:\code\gis\practice\p1\qdataviewer\qdataviewer\x64\release\rcc\qrc_qdataviewer.cpp
f:\code\gis\practice\p1\qdataviewer\qdataviewer\x64\release\qdataviewer.ipdb
f:\code\gis\practice\p1\qdataviewer\qdataviewer\x64\release\qdataviewer.iobj
f:\code\gis\practice\p1\qdataviewer\qdataviewer\x64\release\qdataviewer.tlog\cl.command.1.tlog
f:\code\gis\practice\p1\qdataviewer\qdataviewer\x64\release\qdataviewer.tlog\cl.items.tlog
f:\code\gis\practice\p1\qdataviewer\qdataviewer\x64\release\qdataviewer.tlog\cl.read.1.tlog
f:\code\gis\practice\p1\qdataviewer\qdataviewer\x64\release\qdataviewer.tlog\cl.write.1.tlog
f:\code\gis\practice\p1\qdataviewer\qdataviewer\x64\release\qdataviewer.tlog\link.command.1.tlog
f:\code\gis\practice\p1\qdataviewer\qdataviewer\x64\release\qdataviewer.tlog\link.read.1.tlog
f:\code\gis\practice\p1\qdataviewer\qdataviewer\x64\release\qdataviewer.tlog\link.secondary.1.tlog
f:\code\gis\practice\p1\qdataviewer\qdataviewer\x64\release\qdataviewer.tlog\link.write.1.tlog
f:\code\gis\practice\p1\qdataviewer\qdataviewer\x64\release\qdataviewer.tlog\moc.read.1u.tlog
f:\code\gis\practice\p1\qdataviewer\qdataviewer\x64\release\qdataviewer.tlog\moc.write.1u.tlog
f:\code\gis\practice\p1\qdataviewer\qdataviewer\x64\release\qdataviewer.tlog\qdataviewer.write.1u.tlog
f:\code\gis\practice\p1\qdataviewer\qdataviewer\x64\release\qdataviewer.tlog\rcc.read.1u.tlog
f:\code\gis\practice\p1\qdataviewer\qdataviewer\x64\release\qdataviewer.tlog\rcc.write.1u.tlog
f:\code\gis\practice\p1\qdataviewer\qdataviewer\x64\release\qdataviewer.tlog\uic.read.1u.tlog
f:\code\gis\practice\p1\qdataviewer\qdataviewer\x64\release\qdataviewer.tlog\uic.write.1u.tlog
